This is pdfTeX, Version 3.14159-1.00a-pretest-20010806 (Web2C 7.3.3.1) (format=pdfjadetex 2001.10.21)  21 OCT 2001 15:16
**manual
(./manual.tex{/usr/share/texmf/tex/pdftex/base/pdftex.cfg}
JadeTeX 2001/07/19: 3.11
LaTeX Font Info:    Try loading font information for OT1+ptm on input line 1.
(/usr/share/texmf/tex/latex/psnfss/ot1ptm.fd
File: ot1ptm.fd 2000/01/12 PSNFSS-v8.1 font definitions for OT1/ptm.
)
(./jadetex.cfg
\p@=\dimen131
Package hyperref Info: Option `colorlinks' set `true' on input line 9.
 (./lucidabr.tex
LaTeX Font Info:    Redeclaring symbol font `letters' on input line 92.
LaTeX Font Info:    Overwriting symbol font `letters' in version `normal'
(Font)                  OML/cmm/m/it --> OML/hlcm/m/it on input line 92.
LaTeX Font Info:    Overwriting symbol font `letters' in version `bold'
(Font)                  OML/cmm/b/it --> OML/hlcm/m/it on input line 92.
LaTeX Font Info:    Redeclaring symbol font `symbols' on input line 96.
LaTeX Font Info:    Overwriting symbol font `symbols' in version `normal'
(Font)                  OMS/cmsy/m/n --> OMS/hlcy/m/n on input line 96.
LaTeX Font Info:    Overwriting symbol font `symbols' in version `bold'
(Font)                  OMS/cmsy/b/n --> OMS/hlcy/m/n on input line 96.
LaTeX Font Info:    Redeclaring symbol font `largesymbols' on input line 97.
LaTeX Font Info:    Overwriting symbol font `largesymbols' in version `normal'
(Font)                  OMX/cmex/m/n --> OMX/hlcv/m/n on input line 97.
LaTeX Font Info:    Overwriting symbol font `largesymbols' in version `bold'
(Font)                  OMX/cmex/m/n --> OMX/hlcv/m/n on input line 97.
\symarrows=\mathgroup6
LaTeX Font Info:    Redeclaring symbol font `operators' on input line 107.


LaTeX Font Warning: Encoding `OT1' has changed to `T1' for symbol font
(Font)              `operators' in the math version `normal' on input line 107.


LaTeX Font Info:    Overwriting symbol font `operators' in version `normal'
(Font)                  OT1/cmr/m/n --> T1/hlh/m/n on input line 107.

LaTeX Font Warning: Encoding `OT1' has changed to `T1' for symbol font
(Font)              `operators' in the math version `bold' on input line 107.

LaTeX Font Info:    Overwriting symbol font `operators' in version `bold'
(Font)                  OT1/cmr/bx/n --> T1/hlh/m/n on input line 107.
LaTeX Font Info:    Overwriting symbol font `operators' in version `bold'
(Font)                  T1/hlh/m/n --> T1/hlh/b/n on input line 108.
LaTeX Font Info:    Overwriting symbol font `operators' in version `normal'
(Font)                  T1/hlh/m/n --> T1/hlh/m/n on input line 109.
LaTeX Font Info:    Redeclaring math alphabet \mathbf on input line 110.
LaTeX Font Info:    Overwriting math alphabet `\mathbf' in version `normal'
(Font)                  OT1/cmr/bx/n --> T1/hlh/b/n on input line 110.
LaTeX Font Info:    Overwriting math alphabet `\mathbf' in version `bold'
(Font)                  OT1/cmr/bx/n --> T1/hlh/b/n on input line 110.
LaTeX Font Info:    Redeclaring math alphabet \mathrm on input line 111.
LaTeX Font Info:    Redeclaring math alphabet \mathsf on input line 112.
LaTeX Font Info:    Overwriting math alphabet `\mathsf' in version `normal'
(Font)                  OT1/cmss/m/n --> T1/hls/m/n on input line 112.
LaTeX Font Info:    Overwriting math alphabet `\mathsf' in version `bold'
(Font)                  OT1/cmss/bx/n --> T1/hls/m/n on input line 112.
LaTeX Font Info:    Redeclaring math alphabet \mathit on input line 113.
LaTeX Font Info:    Overwriting math alphabet `\mathit' in version `normal'
(Font)                  OT1/cmr/m/it --> T1/hlh/m/it on input line 113.
LaTeX Font Info:    Overwriting math alphabet `\mathit' in version `bold'
(Font)                  OT1/cmr/bx/it --> T1/hlh/m/it on input line 113.
LaTeX Font Info:    Redeclaring math alphabet \mathtt on input line 114.
LaTeX Font Info:    Overwriting math alphabet `\mathtt' in version `normal'
(Font)                  OT1/cmtt/m/n --> T1/hlst/m/n on input line 114.
LaTeX Font Info:    Overwriting math alphabet `\mathtt' in version `bold'
(Font)                  OT1/cmtt/m/n --> T1/hlst/m/n on input line 114.
LaTeX Font Info:    Redeclaring math alphabet \mathfrak on input line 115.
LaTeX Font Info:    Overwriting math alphabet `\mathfrak' in version `normal'
(Font)                  U/euf/m/n --> T1/hlcf/m/n on input line 115.
LaTeX Font Info:    Overwriting math alphabet `\mathfrak' in version `bold'
(Font)                  U/euf/b/n --> T1/hlcf/m/n on input line 115.
LaTeX Font Info:    Overwriting math alphabet `\mathbf' in version `bold'
(Font)                  T1/hlh/b/n --> T1/hlh/b/n on input line 116.
LaTeX Font Info:    Overwriting math alphabet `\mathsf' in version `bold'
(Font)                  T1/hls/m/n --> T1/hls/b/n on input line 117.
LaTeX Font Info:    Overwriting math alphabet `\mathrm' in version `bold'
(Font)                  T1/hlh/m/n --> T1/hlh/b/n on input line 118.
LaTeX Font Info:    Overwriting math alphabet `\mathit' in version `bold'
(Font)                  T1/hlh/m/it --> T1/hlh/b/it on input line 119.
LaTeX Font Info:    Overwriting math alphabet `\mathtt' in version `bold'
(Font)                  T1/hlst/m/n --> T1/hlst/b/n on input line 120.
LaTeX Font Info:    Redeclaring math alphabet \mathbb on input line 121.
LaTeX Font Info:    Redeclaring math accent \vec on input line 126.
LaTeX Font Info:    Redeclaring math symbol \colon on input line 133.
LaTeX Font Info:    Redeclaring math accent \acute on input line 134.
LaTeX Font Info:    Redeclaring math accent \grave on input line 135.
LaTeX Font Info:    Redeclaring math accent \ddot on input line 136.
LaTeX Font Info:    Redeclaring math accent \bar on input line 138.
LaTeX Font Info:    Redeclaring math accent \breve on input line 139.
LaTeX Font Info:    Redeclaring math accent \check on input line 140.
LaTeX Font Info:    Redeclaring math accent \hat on input line 141.
LaTeX Font Info:    Redeclaring math accent \dot on input line 142.
LaTeX Font Info:    Redeclaring math symbol \leftrightharpoons on input line 25
5.
LaTeX Font Info:    Redeclaring math symbol \Gamma on input line 307.
LaTeX Font Info:    Redeclaring math symbol \Delta on input line 308.
LaTeX Font Info:    Redeclaring math symbol \Theta on input line 309.
LaTeX Font Info:    Redeclaring math symbol \Lambda on input line 310.
LaTeX Font Info:    Redeclaring math symbol \Xi on input line 311.
LaTeX Font Info:    Redeclaring math symbol \Pi on input line 312.
LaTeX Font Info:    Redeclaring math symbol \Sigma on input line 313.
LaTeX Font Info:    Redeclaring math symbol \Upsilon on input line 314.
LaTeX Font Info:    Redeclaring math symbol \Phi on input line 315.
LaTeX Font Info:    Redeclaring math symbol \Psi on input line 316.
LaTeX Font Info:    Redeclaring math symbol \Omega on input line 317.
LaTeX Font Info:    Redeclaring math symbol \alpha on input line 319.
LaTeX Font Info:    Redeclaring math symbol \beta on input line 320.
LaTeX Font Info:    Redeclaring math symbol \gamma on input line 321.
LaTeX Font Info:    Redeclaring math symbol \delta on input line 322.
LaTeX Font Info:    Redeclaring math symbol \epsilon on input line 323.
LaTeX Font Info:    Redeclaring math symbol \zeta on input line 324.
LaTeX Font Info:    Redeclaring math symbol \eta on input line 325.
LaTeX Font Info:    Redeclaring math symbol \theta on input line 326.
LaTeX Font Info:    Redeclaring math symbol \iota on input line 327.
LaTeX Font Info:    Redeclaring math symbol \kappa on input line 328.
LaTeX Font Info:    Redeclaring math symbol \lambda on input line 329.
LaTeX Font Info:    Redeclaring math symbol \mu on input line 330.
LaTeX Font Info:    Redeclaring math symbol \nu on input line 331.
LaTeX Font Info:    Redeclaring math symbol \xi on input line 332.
LaTeX Font Info:    Redeclaring math symbol \pi on input line 333.
LaTeX Font Info:    Redeclaring math symbol \rho on input line 334.
LaTeX Font Info:    Redeclaring math symbol \sigma on input line 335.
LaTeX Font Info:    Redeclaring math symbol \tau on input line 336.
LaTeX Font Info:    Redeclaring math symbol \upsilon on input line 337.
LaTeX Font Info:    Redeclaring math symbol \phi on input line 338.
LaTeX Font Info:    Redeclaring math symbol \chi on input line 339.
LaTeX Font Info:    Redeclaring math symbol \psi on input line 340.
LaTeX Font Info:    Redeclaring math symbol \omega on input line 341.
LaTeX Font Info:    Redeclaring math symbol \varepsilon on input line 342.
LaTeX Font Info:    Redeclaring math symbol \vartheta on input line 343.
LaTeX Font Info:    Redeclaring math symbol \varpi on input line 344.
LaTeX Font Info:    Redeclaring math symbol \varrho on input line 345.
LaTeX Font Info:    Redeclaring math symbol \varsigma on input line 346.
LaTeX Font Info:    Redeclaring math symbol \varphi on input line 347.
LaTeX Font Info:    Redeclaring math symbol \boxdot on input line 388.
LaTeX Font Info:    Redeclaring math symbol \boxplus on input line 389.
LaTeX Font Info:    Redeclaring math symbol \boxtimes on input line 390.
LaTeX Font Info:    Redeclaring math symbol \square on input line 391.
LaTeX Font Info:    Redeclaring math symbol \blacksquare on input line 392.
LaTeX Font Info:    Redeclaring math symbol \centerdot on input line 393.
LaTeX Font Info:    Redeclaring math symbol \lozenge on input line 394.
LaTeX Font Info:    Redeclaring math symbol \blacklozenge on input line 395.
LaTeX Font Info:    Redeclaring math symbol \circlearrowright on input line 396
.
LaTeX Font Info:    Redeclaring math symbol \circlearrowleft on input line 397.

LaTeX Font Info:    Redeclaring math symbol \rightleftharpoons on input line 39
8.
LaTeX Font Info:    Redeclaring math symbol \leftrightharpoons on input line 39
9.
LaTeX Font Info:    Redeclaring math symbol \boxminus on input line 400.
LaTeX Font Info:    Redeclaring math symbol \Vdash on input line 401.
LaTeX Font Info:    Redeclaring math symbol \Vvdash on input line 402.
LaTeX Font Info:    Redeclaring math symbol \twoheadrightarrow on input line 40
4.
LaTeX Font Info:    Redeclaring math symbol \twoheadleftarrow on input line 405
.
LaTeX Font Info:    Redeclaring math symbol \leftleftarrows on input line 406.
LaTeX Font Info:    Redeclaring math symbol \rightrightarrows on input line 407
.
LaTeX Font Info:    Redeclaring math symbol \upuparrows on input line 408.
LaTeX Font Info:    Redeclaring math symbol \downdownarrows on input line 409.
LaTeX Font Info:    Redeclaring math symbol \upharpoonright on input line 410.
LaTeX Font Info:    Redeclaring math symbol \downharpoonright on input line 411
.
LaTeX Font Info:    Redeclaring math symbol \upharpoonleft on input line 412.
LaTeX Font Info:    Redeclaring math symbol \downharpoonleft on input line 413.

LaTeX Font Info:    Redeclaring math symbol \rightarrowtail on input line 414.
LaTeX Font Info:    Redeclaring math symbol \leftarrowtail on input line 415.
LaTeX Font Info:    Redeclaring math symbol \leftrightarrows on input line 416.

LaTeX Font Info:    Redeclaring math symbol \rightleftarrows on input line 417.

LaTeX Font Info:    Redeclaring math symbol \Lsh on input line 418.
LaTeX Font Info:    Redeclaring math symbol \Rsh on input line 419.
LaTeX Font Info:    Redeclaring math symbol \rightsquigarrow on input line 420.

LaTeX Font Info:    Redeclaring math symbol \leftrightsquigarrow on input line 
422.
LaTeX Font Info:    Redeclaring math symbol \looparrowleft on input line 423.
LaTeX Font Info:    Redeclaring math symbol \looparrowright on input line 424.
LaTeX Font Info:    Redeclaring math symbol \circeq on input line 425.
LaTeX Font Info:    Redeclaring math symbol \succsim on input line 426.
LaTeX Font Info:    Redeclaring math symbol \gtrsim on input line 427.
LaTeX Font Info:    Redeclaring math symbol \gtrapprox on input line 428.
LaTeX Font Info:    Redeclaring math symbol \multimap on input line 429.
LaTeX Font Info:    Redeclaring math symbol \therefore on input line 432.
LaTeX Font Info:    Redeclaring math symbol \because on input line 433.
LaTeX Font Info:    Redeclaring math symbol \doteqdot on input line 434.
LaTeX Font Info:    Redeclaring math symbol \triangleq on input line 435.
LaTeX Font Info:    Redeclaring math symbol \precsim on input line 436.
LaTeX Font Info:    Redeclaring math symbol \lesssim on input line 437.
LaTeX Font Info:    Redeclaring math symbol \lessapprox on input line 438.
LaTeX Font Info:    Redeclaring math symbol \eqslantless on input line 439.
LaTeX Font Info:    Redeclaring math symbol \eqslantgtr on input line 440.
LaTeX Font Info:    Redeclaring math symbol \curlyeqprec on input line 441.
LaTeX Font Info:    Redeclaring math symbol \curlyeqsucc on input line 442.
LaTeX Font Info:    Redeclaring math symbol \preccurlyeq on input line 443.
LaTeX Font Info:    Redeclaring math symbol \leqq on input line 444.
LaTeX Font Info:    Redeclaring math symbol \leqslant on input line 445.
LaTeX Font Info:    Redeclaring math symbol \lessgtr on input line 446.
LaTeX Font Info:    Redeclaring math symbol \backprime on input line 447.
LaTeX Font Info:    Redeclaring math symbol \risingdotseq on input line 449.
LaTeX Font Info:    Redeclaring math symbol \fallingdotseq on input line 450.
LaTeX Font Info:    Redeclaring math symbol \succcurlyeq on input line 451.
LaTeX Font Info:    Redeclaring math symbol \geqq on input line 452.
LaTeX Font Info:    Redeclaring math symbol \geqslant on input line 453.
LaTeX Font Info:    Redeclaring math symbol \gtrless on input line 454.
LaTeX Font Info:    Redeclaring math symbol \vartriangleright on input line 459
.
LaTeX Font Info:    Redeclaring math symbol \vartriangleleft on input line 460.

LaTeX Font Info:    Redeclaring math symbol \trianglerighteq on input line 461.

LaTeX Font Info:    Redeclaring math symbol \trianglelefteq on input line 462.
LaTeX Font Info:    Redeclaring math symbol \bigstar on input line 463.
LaTeX Font Info:    Redeclaring math symbol \between on input line 464.
LaTeX Font Info:    Redeclaring math symbol \blacktriangledown on input line 46
5.
LaTeX Font Info:    Redeclaring math symbol \blacktriangleright on input line 4
66.
LaTeX Font Info:    Redeclaring math symbol \blacktriangleleft on input line 46
7.
LaTeX Font Info:    Redeclaring math symbol \vartriangle on input line 470.
LaTeX Font Info:    Redeclaring math symbol \blacktriangle on input line 471.
LaTeX Font Info:    Redeclaring math symbol \triangledown on input line 472.
LaTeX Font Info:    Redeclaring math symbol \eqcirc on input line 473.
LaTeX Font Info:    Redeclaring math symbol \lesseqgtr on input line 474.
LaTeX Font Info:    Redeclaring math symbol \gtreqless on input line 475.
LaTeX Font Info:    Redeclaring math symbol \lesseqqgtr on input line 476.
LaTeX Font Info:    Redeclaring math symbol \gtreqqless on input line 477.
LaTeX Font Info:    Redeclaring math symbol \Rrightarrow on input line 478.
LaTeX Font Info:    Redeclaring math symbol \Lleftarrow on input line 479.
LaTeX Font Info:    Redeclaring math symbol \veebar on input line 480.
LaTeX Font Info:    Redeclaring math symbol \barwedge on input line 481.
LaTeX Font Info:    Redeclaring math symbol \angle on input line 482.
LaTeX Font Info:    Redeclaring math symbol \measuredangle on input line 483.
LaTeX Font Info:    Redeclaring math symbol \sphericalangle on input line 484.
LaTeX Font Info:    Redeclaring math symbol \varpropto on input line 485.
LaTeX Font Info:    Redeclaring math symbol \smallsmile on input line 486.
LaTeX Font Info:    Redeclaring math symbol \smallfrown on input line 487.
LaTeX Font Info:    Redeclaring math symbol \Subset on input line 488.
LaTeX Font Info:    Redeclaring math symbol \Supset on input line 489.
LaTeX Font Info:    Redeclaring math symbol \Cup on input line 490.
LaTeX Font Info:    Redeclaring math symbol \Cap on input line 491.
LaTeX Font Info:    Redeclaring math symbol \curlywedge on input line 492.
LaTeX Font Info:    Redeclaring math symbol \curlyvee on input line 493.
LaTeX Font Info:    Redeclaring math symbol \leftthreetimes on input line 494.
LaTeX Font Info:    Redeclaring math symbol \rightthreetimes on input line 495.

LaTeX Font Info:    Redeclaring math symbol \subseteqq on input line 496.
LaTeX Font Info:    Redeclaring math symbol \supseteqq on input line 497.
LaTeX Font Info:    Redeclaring math symbol \bumpeq on input line 498.
LaTeX Font Info:    Redeclaring math symbol \Bumpeq on input line 499.
LaTeX Font Info:    Redeclaring math symbol \lll on input line 500.
LaTeX Font Info:    Redeclaring math symbol \ggg on input line 501.
LaTeX Font Info:    Redeclaring math symbol \circledS on input line 502.
LaTeX Font Info:    Redeclaring math symbol \pitchfork on input line 503.
LaTeX Font Info:    Redeclaring math symbol \dotplus on input line 504.
LaTeX Font Info:    Redeclaring math symbol \backsim on input line 505.
LaTeX Font Info:    Redeclaring math symbol \backsimeq on input line 506.
LaTeX Font Info:    Redeclaring math symbol \complement on input line 507.
LaTeX Font Info:    Redeclaring math symbol \intercal on input line 508.
LaTeX Font Info:    Redeclaring math symbol \circledcirc on input line 509.
LaTeX Font Info:    Redeclaring math symbol \circledast on input line 510.
LaTeX Font Info:    Redeclaring math symbol \circleddash on input line 511.
LaTeX Font Info:    Redeclaring math symbol \lvertneqq on input line 512.
LaTeX Font Info:    Redeclaring math symbol \gvertneqq on input line 513.
LaTeX Font Info:    Redeclaring math symbol \nleq on input line 514.
LaTeX Font Info:    Redeclaring math symbol \ngeq on input line 515.
LaTeX Font Info:    Redeclaring math symbol \nless on input line 516.
LaTeX Font Info:    Redeclaring math symbol \ngtr on input line 517.
LaTeX Font Info:    Redeclaring math symbol \nprec on input line 518.
LaTeX Font Info:    Redeclaring math symbol \nsucc on input line 519.
LaTeX Font Info:    Redeclaring math symbol \lneqq on input line 520.
LaTeX Font Info:    Redeclaring math symbol \gneqq on input line 521.
LaTeX Font Info:    Redeclaring math symbol \nleqslant on input line 522.
LaTeX Font Info:    Redeclaring math symbol \ngeqslant on input line 523.
LaTeX Font Info:    Redeclaring math symbol \lneq on input line 524.
LaTeX Font Info:    Redeclaring math symbol \gneq on input line 525.
LaTeX Font Info:    Redeclaring math symbol \npreceq on input line 526.
LaTeX Font Info:    Redeclaring math symbol \nsucceq on input line 527.
LaTeX Font Info:    Redeclaring math symbol \precnsim on input line 528.
LaTeX Font Info:    Redeclaring math symbol \succnsim on input line 529.
LaTeX Font Info:    Redeclaring math symbol \lnsim on input line 530.
LaTeX Font Info:    Redeclaring math symbol \gnsim on input line 531.
LaTeX Font Info:    Redeclaring math symbol \nleqq on input line 532.
LaTeX Font Info:    Redeclaring math symbol \ngeqq on input line 533.
LaTeX Font Info:    Redeclaring math symbol \precneqq on input line 534.
LaTeX Font Info:    Redeclaring math symbol \succneqq on input line 535.
LaTeX Font Info:    Redeclaring math symbol \precnapprox on input line 536.
LaTeX Font Info:    Redeclaring math symbol \succnapprox on input line 537.
LaTeX Font Info:    Redeclaring math symbol \lnapprox on input line 538.
LaTeX Font Info:    Redeclaring math symbol \gnapprox on input line 539.
LaTeX Font Info:    Redeclaring math symbol \nsim on input line 540.
LaTeX Font Info:    Redeclaring math symbol \ncong on input line 541.
LaTeX Font Info:    Redeclaring math symbol \diagup on input line 542.
LaTeX Font Info:    Redeclaring math symbol \diagdown on input line 543.
LaTeX Font Info:    Redeclaring math symbol \varsubsetneq on input line 544.
LaTeX Font Info:    Redeclaring math symbol \varsupsetneq on input line 545.
LaTeX Font Info:    Redeclaring math symbol \nsubseteqq on input line 546.
LaTeX Font Info:    Redeclaring math symbol \nsupseteqq on input line 547.
LaTeX Font Info:    Redeclaring math symbol \subsetneqq on input line 548.
LaTeX Font Info:    Redeclaring math symbol \supsetneqq on input line 549.
LaTeX Font Info:    Redeclaring math symbol \varsubsetneqq on input line 550.
LaTeX Font Info:    Redeclaring math symbol \varsupsetneqq on input line 551.
LaTeX Font Info:    Redeclaring math symbol \subsetneq on input line 552.
LaTeX Font Info:    Redeclaring math symbol \supsetneq on input line 553.
LaTeX Font Info:    Redeclaring math symbol \nsubseteq on input line 554.
LaTeX Font Info:    Redeclaring math symbol \nsupseteq on input line 555.
LaTeX Font Info:    Redeclaring math symbol \nparallel on input line 556.
LaTeX Font Info:    Redeclaring math symbol \nmid on input line 557.
LaTeX Font Info:    Redeclaring math symbol \nshortmid on input line 558.
LaTeX Font Info:    Redeclaring math symbol \nshortparallel on input line 559.
LaTeX Font Info:    Redeclaring math symbol \nvdash on input line 560.
LaTeX Font Info:    Redeclaring math symbol \nVdash on input line 561.
LaTeX Font Info:    Redeclaring math symbol \nvDash on input line 562.
LaTeX Font Info:    Redeclaring math symbol \nVDash on input line 563.
LaTeX Font Info:    Redeclaring math symbol \ntrianglerighteq on input line 564
.
LaTeX Font Info:    Redeclaring math symbol \ntrianglelefteq on input line 565.

LaTeX Font Info:    Redeclaring math symbol \ntriangleleft on input line 566.
LaTeX Font Info:    Redeclaring math symbol \ntriangleright on input line 567.
LaTeX Font Info:    Redeclaring math symbol \nleftarrow on input line 568.
LaTeX Font Info:    Redeclaring math symbol \nrightarrow on input line 569.
LaTeX Font Info:    Redeclaring math symbol \nLeftarrow on input line 570.
LaTeX Font Info:    Redeclaring math symbol \nRightarrow on input line 571.
LaTeX Font Info:    Redeclaring math symbol \nLeftrightarrow on input line 572.

LaTeX Font Info:    Redeclaring math symbol \nleftrightarrow on input line 573.

LaTeX Font Info:    Redeclaring math symbol \divideontimes on input line 574.
LaTeX Font Info:    Redeclaring math symbol \varnothing on input line 575.
LaTeX Font Info:    Redeclaring math symbol \nexists on input line 576.
LaTeX Font Info:    Redeclaring math symbol \Finv on input line 577.
LaTeX Font Info:    Redeclaring math symbol \Game on input line 578.
LaTeX Font Info:    Redeclaring math symbol \simeq on input line 581.
LaTeX Font Info:    Redeclaring math symbol \eqsim on input line 582.
LaTeX Font Info:    Redeclaring math symbol \beth on input line 583.
LaTeX Font Info:    Redeclaring math symbol \gimel on input line 584.
LaTeX Font Info:    Redeclaring math symbol \daleth on input line 585.
LaTeX Font Info:    Redeclaring math symbol \lessdot on input line 586.
LaTeX Font Info:    Redeclaring math symbol \gtrdot on input line 587.
LaTeX Font Info:    Redeclaring math symbol \ltimes on input line 588.
LaTeX Font Info:    Redeclaring math symbol \rtimes on input line 589.
LaTeX Font Info:    Redeclaring math symbol \shortmid on input line 590.
LaTeX Font Info:    Redeclaring math symbol \shortparallel on input line 591.
LaTeX Font Info:    Redeclaring math symbol \smallsetminus on input line 592.
LaTeX Font Info:    Redeclaring math symbol \thicksim on input line 593.
LaTeX Font Info:    Redeclaring math symbol \thickapprox on input line 594.
LaTeX Font Info:    Redeclaring math symbol \approxeq on input line 595.
LaTeX Font Info:    Redeclaring math symbol \succapprox on input line 596.
LaTeX Font Info:    Redeclaring math symbol \precapprox on input line 597.
LaTeX Font Info:    Redeclaring math symbol \curvearrowleft on input line 598.
LaTeX Font Info:    Redeclaring math symbol \curvearrowright on input line 599.

LaTeX Font Info:    Redeclaring math symbol \digamma on input line 600.
LaTeX Font Info:    Redeclaring math symbol \varkappa on input line 601.
LaTeX Font Info:    Redeclaring math symbol \Bbbk on input line 602.
LaTeX Font Info:    Redeclaring math symbol \hslash on input line 603.
LaTeX Font Info:    Redeclaring math symbol \hbar on input line 604.
LaTeX Font Info:    Redeclaring math symbol \backepsilon on input line 605.
LaTeX Font Info:    Redeclaring math symbol \dashrightarrow on input line 606.
LaTeX Font Info:    Redeclaring math symbol \dashleftarrow on input line 607.
LaTeX Font Info:    Redeclaring math delimiter \ulcorner on input line 610.
LaTeX Font Info:    Redeclaring math delimiter \urcorner on input line 611.
LaTeX Font Info:    Redeclaring math delimiter \llcorner on input line 612.
LaTeX Font Info:    Redeclaring math delimiter \lrcorner on input line 613.
))
Elements will be labelled
Jade begin document sequence at 19
(./manual.aux)
\openout1 = `manual.aux'.

LaTeX Font Info:    Checking defaults for OML/cmm/m/it on input line 19.
LaTeX Font Info:    ... okay on input line 19.
LaTeX Font Info:    Checking defaults for T1/cmr/m/n on input line 19.
LaTeX Font Info:    ... okay on input line 19.
LaTeX Font Info:    Checking defaults for OT1/cmr/m/n on input line 19.
LaTeX Font Info:    ... okay on input line 19.
LaTeX Font Info:    Checking defaults for OMS/cmsy/m/n on input line 19.
LaTeX Font Info:    ... okay on input line 19.
LaTeX Font Info:    Checking defaults for OMX/cmex/m/n on input line 19.
LaTeX Font Info:    ... okay on input line 19.
LaTeX Font Info:    Checking defaults for U/cmr/m/n on input line 19.
LaTeX Font Info:    ... okay on input line 19.
LaTeX Font Info:    Checking defaults for PD1/pdf/m/n on input line 19.
LaTeX Font Info:    ... okay on input line 19.
LaTeX Font Info:    Checking defaults for T2A/cmr/m/n on input line 19.
LaTeX Font Info:    Try loading font information for T2A+cmr on input line 19.
 (/usr/share/texmf/tex/latex/cyrillic/t2acmr.fd
File: t2acmr.fd 1999/01/07 v1.0 Computer Modern Cyrillic font definitions
)
LaTeX Font Info:    ... okay on input line 19.
LaTeX Font Info:    Checking defaults for TS1/cmr/m/n on input line 19.
LaTeX Font Info:    Try loading font information for TS1+cmr on input line 19.

(/usr/share/texmf/tex/latex/base/ts1cmr.fd
File: ts1cmr.fd 1999/05/25 v2.5h Standard LaTeX font definitions
)
LaTeX Font Info:    ... okay on input line 19.
LaTeX Font Info:    Checking defaults for LECO/omseco/m/n on input line 19.
LaTeX Font Info:    ... okay on input line 19.
LaTeX Font Info:    Checking defaults for LECX/omsecx/m/n on input line 19.
LaTeX Font Info:    ... okay on input line 19.
LaTeX Font Info:    Checking defaults for LECY/omsecy/m/n on input line 19.
LaTeX Font Info:    ... okay on input line 19.
LaTeX Font Info:    Checking defaults for LEGR/omsegr/m/n on input line 19.
LaTeX Font Info:    ... okay on input line 19.
LaTeX Font Info:    Checking defaults for LEHA/omseha/m/n on input line 19.
LaTeX Font Info:    ... okay on input line 19.
LaTeX Font Info:    Checking defaults for LEIP/omseip/m/n on input line 19.
LaTeX Font Info:    ... okay on input line 19.
LaTeX Font Info:    Checking defaults for LELA/omsela/m/n on input line 19.
LaTeX Font Info:    ... okay on input line 19.
LaTeX Font Info:    Checking defaults for LETI/omseti/m/n on input line 19.
LaTeX Font Info:    ... okay on input line 19.
LaTeX Font Info:    Checking defaults for LMR/hlcm/m/n on input line 19.
LaTeX Font Info:    Try loading font information for LMR+hlcm on input line 19.


(/usr/share/texmf/tex/latex/sitefonts/lmrhlcm.fd
File: lmrhlcm.fd 1997/02/20 v4.1 Lucida New Math Arrows(SPQR/DPC)
)
LaTeX Font Info:    ... okay on input line 19.
LaTeX Font Info:    Try loading font information for T1+ptm on input line 19.

(/usr/share/texmf/tex/latex/psnfss/t1ptm.fd
File: t1ptm.fd 2000/01/12 PSNFSS-v8.1 font definitions for T1/ptm.
)
(/usr/share/texmf/tex/context/base/supp-pdf.tex
(/usr/share/texmf/tex/context/base/supp-mis.tex
loading : Context Support Macros / Missing
\protectiondepth=\count116
\scratchcounter=\count117
\scratchtoks=\toks22
\scratchdimen=\dimen132
\scratchskip=\skip54
\scratchmuskip=\muskip10
\scratchbox=\box62
\scratchread=\read1
\scratchwrite=\write4
\zeropoint=\dimen133
\nextbox=\box63
\nextdepth=\dimen134
\everyline=\toks23
\!!counta=\count118
\!!countb=\count119
\recursecounter=\count120
)
loading : Context Support Macros / PDF
\nofMPsegments=\count121
\nofMParguments=\count122
\everyMPtoPDFconversion=\toks24
)
Package hyperref Info: Link coloring ON on input line 19.
 (/usr/share/texmf/tex/latex/hyperref/nameref.sty
Package: nameref 2001/01/27 v2.19 Cross-referencing by name of section
\c@section@level=\count123
)
LaTeX Info: Redefining \ref on input line 19.
LaTeX Info: Redefining \pageref on input line 19.
 (./manual.out)
(./manual.out)
\openout3 = `manual.out'.

LaTeX Font Info:    Try loading font information for T1+hlh on input line 32.
 (/usr/share/texmf/tex/latex/sitefonts/t1hlh.fd
File: t1hlh.fd 1998/07/06 Fontinst v1.800 font definitions for T1/hlh.
)
LaTeX Font Info:    Font shape `T1/hlh/m/n' will be
(Font)              scaled to size 9.57112pt on input line 32.
LaTeX Font Info:    Try loading font information for T1+phv on input line 103.

(/usr/share/texmf/tex/latex/psnfss/t1phv.fd
File: t1phv.fd 2000/01/12 PSNFSS-v8.1 scalable font definitions for T1/phv.
)
LaTeX Font Info:    Font shape `T1/phv/bx/n' in size <21.51512> not available
(Font)              Font shape `T1/phv/b/n' tried instead on input line 103.

<figures/gretl-logo.png, id=555, 90.11444pt x 109.74333pt>
File: figures/gretl-logo.png Graphic file (type png)

<use figures/gretl-logo.png>
LaTeX Font Info:    Font shape `T1/phv/bx/n' in size <14.69574> not available
(Font)              Font shape `T1/phv/b/n' tried instead on input line 129.
LaTeX Font Info:    Font shape `T1/phv/bx/n' in size <13.35974> not available
(Font)              Font shape `T1/phv/b/n' tried instead on input line 150.
LaTeX Font Info:    Font shape `T1/phv/bx/n' in size <11.04112> not available
(Font)              Font shape `T1/phv/b/n' tried instead on input line 156.
 [1.0.58{/usr/share/texmf/dvips/config/pdftex.map} <./figures/gretl-logo.png>]
LaTeX Font Info:    Font shape `T1/phv/bx/n' in size <10.03738> not available
(Font)              Font shape `T1/phv/b/n' tried instead on input line 247.
LaTeX Font Info:    Try loading font information for TS1+hlh on input line 268.

 (/usr/share/texmf/tex/latex/sitefonts/ts1hlh.fd
File: ts1hlh.fd 1998/07/06 Fontinst v1.800 font definitions for TS1/hlh.
)
LaTeX Font Info:    Font shape `TS1/hlh/m/n' will be
(Font)              scaled to size 9.57112pt on input line 268.
LaTeX Font Info:    Font shape `T1/hlh/m/n' will be
(Font)              scaled to size 7.81813pt on input line 297.
LaTeX Font Info:    Font shape `T1/hlh/m/it' will be
(Font)              scaled to size 7.81813pt on input line 309.

[2.0.58

]
LaTeX Font Info:    Font shape `T1/hlh/bx/n' in size <10.03738> not available
(Font)              Font shape `T1/hlh/b/n' tried instead on input line 419.
LaTeX Font Info:    Font shape `T1/hlh/b/n' will be
(Font)              scaled to size 9.57112pt on input line 419.
LaTeX Font Info:    Try loading font information for T1+hlst on input line 1421
.
 (/usr/share/texmf/tex/latex/sitefonts/t1hlst.fd
File: t1hlst.fd 1998/07/06 Fontinst v1.800 font definitions for T1/hlst.
)
LaTeX Font Info:    Font shape `T1/hlst/m/n' will be
(Font)              scaled to size 8.70477pt on input line 1421.
LaTeX Font Info:    Font shape `T1/hlh/m/it' will be
(Font)              scaled to size 9.57112pt on input line 1571.
 [3.0.58

] [4.0.58]
[5.0.58] [6.0.58

]
LaTeX Font Info:    Font shape `T1/phv/bx/it' in size <13.35974> not available
(Font)              Font shape `T1/phv/b/it' tried instead on input line 6177.
LaTeX Font Info:    Font shape `T1/phv/b/it' in size <13.35974> not available
(Font)              Font shape `T1/phv/b/sl' tried instead on input line 6177.

! pdfTeX warning (ext4): destination with the same identifier (name{page.1}) ha
s been already used, duplicate ignored
<to be read again> 
                   \penalty 
l.6673       \endPar{}
                      \endNode{}\Node% [1.0.58



]
LaTeX Font Info:    Font shape `T1/phv/bx/n' in size <12.14523> not available
(Font)              Font shape `T1/phv/b/n' tried instead on input line 6831.

Overfull \hbox (2.18053pt too wide) in paragraph at lines 7144--7163
 /hlhr8t@9.57112pt/You will be prompted for a lo-ca-tion to in-stall the pack-a
ge (the de-fault is []  /hlsrt8t@8.70477pt/c:\userdata\gretl/hlhr8t@9.57112pt/)
. 
 []

! pdfTeX warning (ext4): destination with the same identifier (name{page.2}) ha
s been already used, duplicate ignored
<to be read again> 
                   \penalty 
l.7176 {1}}
           \Seq% [2.0.58]
! pdfTeX warning (ext4): destination with the same identifier (name{page.3}) ha
s been already used, duplicate ignored
<to be read again> 
                   \penalty 
l.7289 ...DisplayGroup{}\endNode{}\endSeq{}\endSpS
                                                  {}\endNode{}\Node% [3.0.58
! pdfTeX warning (ext4): destination with the same identifier (name{UPDATING}) 
has been already used, duplicate ignored
<to be read again> 
                   \endgroup 
l.7289 ...DisplayGroup{}\endNode{}\endSeq{}\endSpS
                                                  {}\endNode{}\Node%]
LaTeX Font Info:    Font shape `T1/hlh/m/n' will be
(Font)              scaled to size 6.16585pt on input line 7452.
LaTeX Font Info:    Font shape `T1/hlh/m/n' will be
(Font)              scaled to size 8.70477pt on input line 7500.
LaTeX Font Info:    Font shape `T1/hlst/m/n' will be
(Font)              scaled to size 7.91585pt on input line 7500.

<figures/datafiles.png, id=1127, 400.60777pt x 290.86444pt>
File: figures/datafiles.png Graphic file (type png)

<use figures/datafiles.png>
! pdfTeX warning (ext4): destination with the same identifier (name{page.4}) ha
s been already used, duplicate ignored
<to be read again> 
                   \penalty 
l.7668 {1}}
                 If you select a row in this window and click on [4.0.58

 <./figures/datafiles.png>]
LaTeX Font Info:    Font shape `T1/phv/bx/n' in size <9.03365> not available
(Font)              Font shape `T1/phv/b/n' tried instead on input line 7719.
 <figures/mainwin.png, id=1151, 453.24889pt x 373.84111pt>
File: figures/mainwin.png Graphic file (type png)

<use figures/mainwin.png>
Overfull \hbox (31.67766pt too wide) detected at line 7810
 [] 
 []

! pdfTeX warning (ext4): destination with the same identifier (name{page.5}) ha
s been already used, duplicate ignored
<to be read again> 
                   \penalty 
l.7826 {1}}
                 OK, what can we do now?  Hopefully the various menu options
[5.0.58 <./figures/mainwin.png>]
! pdfTeX warning (ext4): destination with the same identifier (name{page.6}) ha
s been already used, duplicate ignored
<to be read again> 
                   \penalty 
l.8152 ...ce.\endPar{}\endNode{}\endDisplayGroup{}
                                                  \endNode{}\endSeq{}\endDis...
[6.0.58] [7.0.58]
LaTeX Font Info:    Font shape `TS1/hlh/m/n' will be
(Font)              scaled to size 7.81813pt on input line 8340.
LaTeX Font Info:    Font shape `T1/hlh/m/n' will be
(Font)              scaled to size 7.1814pt on input line 8378.
LaTeX Font Info:    Font shape `TS1/hlh/m/n' will be
(Font)              scaled to size 7.1814pt on input line 8378.
LaTeX Font Info:    Calculating math sizes for size <10.03738> on input line 87
62.
LaTeX Font Info:    Font shape `T1/hlh/m/n' will be
(Font)              scaled to size 7.008pt on input line 8762.
LaTeX Font Info:    Font shape `T1/hlh/m/n' will be
(Font)              scaled to size 5.25848pt on input line 8762.
LaTeX Font Info:    Try loading font information for OML+hlcm on input line 876
2.
 (/usr/share/texmf/tex/latex/sitefonts/omlhlcm.fd
File: omlhlcm.fd 1997/02/20 v4.1 Lucida New Math Italic(SPQR/DPC)
)
LaTeX Font Info:    Font shape `OML/hlcm/m/it' will be
(Font)              scaled to size 9.57112pt on input line 8762.
LaTeX Font Info:    Font shape `OML/hlcm/m/it' will be
(Font)              scaled to size 7.008pt on input line 8762.
LaTeX Font Info:    Font shape `OML/hlcm/m/it' will be
(Font)              scaled to size 5.25848pt on input line 8762.
LaTeX Font Info:    Try loading font information for OMS+hlcy on input line 876
2.

(/usr/share/texmf/tex/latex/sitefonts/omshlcy.fd
File: omshlcy.fd 1997/02/20 v4.1 Lucida New Math Symbols(SPQR/DPC)
)
LaTeX Font Info:    Font shape `OMS/hlcy/m/n' will be
(Font)              scaled to size 9.57112pt on input line 8762.
LaTeX Font Info:    Font shape `OMS/hlcy/m/n' will be
(Font)              scaled to size 7.008pt on input line 8762.
LaTeX Font Info:    Font shape `OMS/hlcy/m/n' will be
(Font)              scaled to size 5.25848pt on input line 8762.
LaTeX Font Info:    Try loading font information for OMX+hlcv on input line 876
2.

(/usr/share/texmf/tex/latex/sitefonts/omxhlcv.fd
File: omxhlcv.fd 1997/02/20 v4.1 Lucida New Math Extension(SPQR/DPC)
)
LaTeX Font Info:    Font shape `OMX/hlcv/m/n' will be
(Font)              scaled to size 9.57112pt on input line 8762.
LaTeX Font Info:    Font shape `OMX/hlcv/m/n' will be
(Font)              scaled to size 7.008pt on input line 8762.
LaTeX Font Info:    Font shape `OMX/hlcv/m/n' will be
(Font)              scaled to size 5.25848pt on input line 8762.
LaTeX Font Info:    Try loading font information for U+msa on input line 8762.

(/usr/share/texmf/tex/latex/amsfonts/umsa.fd
File: umsa.fd 1995/01/05 v2.2e AMS font definitions
)
LaTeX Font Info:    Try loading font information for U+msb on input line 8762.

(/usr/share/texmf/tex/latex/amsfonts/umsb.fd
File: umsb.fd 1995/01/05 v2.2e AMS font definitions
)
LaTeX Font Info:    Font shape `LMR/hlcm/m/n' will be
(Font)              scaled to size 9.57112pt on input line 8762.
LaTeX Font Info:    Font shape `LMR/hlcm/m/n' will be
(Font)              scaled to size 7.008pt on input line 8762.
LaTeX Font Info:    Font shape `LMR/hlcm/m/n' will be
(Font)              scaled to size 5.25848pt on input line 8762.
 [8.0.58

] [9.0.58]
LaTeX Font Info:    Calculating math sizes for size <9.03365> on input line 971
7.
LaTeX Font Info:    Font shape `T1/hlh/m/n' will be
(Font)              scaled to size 6.49832pt on input line 9717.
LaTeX Font Info:    Font shape `T1/hlh/m/n' will be
(Font)              scaled to size 4.73264pt on input line 9717.
LaTeX Font Info:    Font shape `OML/hlcm/m/it' will be
(Font)              scaled to size 8.70477pt on input line 9717.
LaTeX Font Info:    Font shape `OML/hlcm/m/it' will be
(Font)              scaled to size 6.49832pt on input line 9717.
LaTeX Font Info:    Font shape `OML/hlcm/m/it' will be
(Font)              scaled to size 4.73264pt on input line 9717.
LaTeX Font Info:    Font shape `OMS/hlcy/m/n' will be
(Font)              scaled to size 8.70477pt on input line 9717.
LaTeX Font Info:    Font shape `OMS/hlcy/m/n' will be
(Font)              scaled to size 6.49832pt on input line 9717.
LaTeX Font Info:    Font shape `OMS/hlcy/m/n' will be
(Font)              scaled to size 4.73264pt on input line 9717.
LaTeX Font Info:    Font shape `OMX/hlcv/m/n' will be
(Font)              scaled to size 8.70477pt on input line 9717.
LaTeX Font Info:    Font shape `OMX/hlcv/m/n' will be
(Font)              scaled to size 6.49832pt on input line 9717.
LaTeX Font Info:    Font shape `OMX/hlcv/m/n' will be
(Font)              scaled to size 4.73264pt on input line 9717.


LaTeX Font Warning: Font shape `U/msa/m/n' in size <4.5337> not available
(Font)              size <5> substituted on input line 9717.


LaTeX Font Warning: Font shape `U/msb/m/n' in size <4.5337> not available
(Font)              size <5> substituted on input line 9717.

LaTeX Font Info:    Font shape `LMR/hlcm/m/n' will be
(Font)              scaled to size 8.70477pt on input line 9717.
LaTeX Font Info:    Font shape `LMR/hlcm/m/n' will be
(Font)              scaled to size 6.49832pt on input line 9717.
LaTeX Font Info:    Font shape `LMR/hlcm/m/n' will be
(Font)              scaled to size 4.73264pt on input line 9717.
[10.0.58] [11.0.58

] <figures/session.png, id=1447, 364.02667pt x 285.51111pt>
File: figures/session.png Graphic file (type png)

<use figures/session.png> [12.0.58 <./figures/session.png>]
LaTeX Font Info:    Font shape `T1/hlst/m/it' in size <10.03738> not available
(Font)              Font shape `T1/hlst/m/sl' tried instead on input line 11040
.
LaTeX Font Info:    Font shape `T1/hlst/m/sl' will be
(Font)              scaled to size 9.57112pt on input line 11040.
 [13.0.58] [14.0.58] [15.0.58

] [16.0.58] [17.0.58] [18.0.58] [19.0.58] [20.0.58] [21.0.58

] [22.0.58] [23.0.58] [24.0.58] [25.0.58

]
<figures/plot_control.png, id=1946, 289.97223pt x 266.77444pt>
File: figures/plot_control.png Graphic file (type png)

<use figures/plot_control.png> [26.0.58

] [27.0.58 <./figures/plot_control.png>] [28.0.58

] [29.0.58] [30.0.58]
LaTeX Font Info:    Font shape `T1/hlst/bx/n' in size <12.02377> not available
(Font)              Font shape `T1/hlst/b/n' tried instead on input line 17276.

LaTeX Font Info:    Font shape `T1/hlst/b/n' will be
(Font)              scaled to size 11.2238pt on input line 17276.
 [31.0.58

]
LaTeX Font Info:    Font shape `T1/hlst/m/it' in size <9.03365> not available
(Font)              Font shape `T1/hlst/m/sl' tried instead on input line 18535
.
LaTeX Font Info:    Font shape `T1/hlst/m/sl' will be
(Font)              scaled to size 8.70477pt on input line 18535.
 [32.0.58] [33.0.58] [34.0.58] [35.0.58

] [36.0.58] [37.0.58]
LaTeX Font Info:    Font shape `T1/hlh/m/it' will be
(Font)              scaled to size 6.16585pt on input line 22130.
 [38.0.58
! pdfTeX warning (ext4): destination with the same identifier (name{CORC}) has 
been already used, duplicate ignored
<to be read again> 
                   \endgroup 
l.22219 {1}}
            \Seq%] [39.0.58
! pdfTeX warning (ext4): destination with the same identifier (name{CRITERIA}) 
has been already used, duplicate ignored
<to be read again> 
                   \endgroup 
l.22925 {1}}
            \Seq%] [40.0.58] [41.0.58] [42.0.58] [43.0.58
! pdfTeX warning (ext4): destination with the same identifier (name{GNUPLOT}) h
as been already used, duplicate ignored
<to be read again> 
                   \endgroup 
l.26072 {1}}
            \Node%] [44.0.58] [45.0.58] [46.0.58] [47.0.58] [48.0.58] [49.0.58]
[50.0.58] [51.0.58] [52.0.58] [53.0.58] [54.0.58] [55.0.58
! pdfTeX warning (ext4): destination with the same identifier (name{TSLS}) has 
been already used, duplicate ignored
<to be read again> 
                   \endgroup 
l.35815       \endPar{}
                       \endNode{}\endSeq{}\endDisplayGroup{}\endNode{}\endSe...
] [56.0.58] [57.0.58] [58.0.58

] [59.0.58

]
Overfull \hbox (17.09665pt too wide) in paragraph at lines 38765--38773
 []/hlhr8t@9.57112pt/These are de-scribed in de-tail in [][]Chap-ter 11[][]. Th
ey are briefly sum-ma-rized in Ta-ble~\ref{cmdtab}. 
 []

[60.0.58] [61.0.58]
LaTeX Font Info:    Font shape `T1/hlh/m/it' will be
(Font)              scaled to size 8.70477pt on input line 39305.
 [62.0.58

] [63.0.58]
LaTeX Font Info:    Calculating math sizes for size <6.02243> on input line 403
04.
LaTeX Font Info:    Font shape `T1/hlh/m/n' will be
(Font)              scaled to size 4.4171pt on input line 40304.
LaTeX Font Info:    Font shape `T1/hlh/m/n' will be
(Font)              scaled to size 3.15508pt on input line 40304.
LaTeX Font Info:    Font shape `OML/hlcm/m/it' will be
(Font)              scaled to size 6.16585pt on input line 40304.
LaTeX Font Info:    Font shape `OML/hlcm/m/it' will be
(Font)              scaled to size 4.4171pt on input line 40304.
LaTeX Font Info:    Font shape `OML/hlcm/m/it' will be
(Font)              scaled to size 3.15508pt on input line 40304.
LaTeX Font Info:    Font shape `OMS/hlcy/m/n' will be
(Font)              scaled to size 6.16585pt on input line 40304.
LaTeX Font Info:    Font shape `OMS/hlcy/m/n' will be
(Font)              scaled to size 4.4171pt on input line 40304.
LaTeX Font Info:    Font shape `OMS/hlcy/m/n' will be
(Font)              scaled to size 3.15508pt on input line 40304.
LaTeX Font Info:    Font shape `OMX/hlcv/m/n' will be
(Font)              scaled to size 6.16585pt on input line 40304.
LaTeX Font Info:    Font shape `OMX/hlcv/m/n' will be
(Font)              scaled to size 4.4171pt on input line 40304.
LaTeX Font Info:    Font shape `OMX/hlcv/m/n' will be
(Font)              scaled to size 3.15508pt on input line 40304.


LaTeX Font Warning: Font shape `U/msa/m/n' in size <4.23143> not available
(Font)              size <5> substituted on input line 40304.


LaTeX Font Warning: Font shape `U/msa/m/n' in size <3.02246> not available
(Font)              size <5> substituted on input line 40304.


LaTeX Font Warning: Font shape `U/msb/m/n' in size <4.23143> not available
(Font)              size <5> substituted on input line 40304.


LaTeX Font Warning: Font shape `U/msb/m/n' in size <3.02246> not available
(Font)              size <5> substituted on input line 40304.

LaTeX Font Info:    Font shape `LMR/hlcm/m/n' will be
(Font)              scaled to size 6.16585pt on input line 40304.
LaTeX Font Info:    Font shape `LMR/hlcm/m/n' will be
(Font)              scaled to size 4.4171pt on input line 40304.
LaTeX Font Info:    Font shape `LMR/hlcm/m/n' will be
(Font)              scaled to size 3.15508pt on input line 40304.
[64.0.58] [65.0.58

] [66.0.58] [67.0.58] [68.0.58

] [69.0.58

]
Overfull \hbox (2.51035pt too wide) in paragraph at lines 42477--42484
 []/hlhr8t@9.57112pt/Greene, William H. (2000) /hlhri8t@9.57112pt/Econo-met-ric
 Analy-sis/hlhr8t@9.57112pt/, 4th edi-tion, Up-per Sad-dle River, NJ: Prentice-

 []

[70.0.58

] (./manual.aux)

LaTeX Font Warning: Size substitutions with differences
(Font)              up to 1.98494pt have occurred.

 ) 
Here is how much of TeX's memory you used:
 8005 strings out of 41056
 61822 string characters out of 347608
 157180 words of memory out of 263001
 17769 multiletter control sequences out of 10000+50000
 73346 words of font info for 128 fonts, out of 200000 for 1000
 15 hyphenation exceptions out of 1000
 28i,12n,39p,684b,4511s stack positions out of 1500i,500n,1500p,12000b,5000s
</usr/local/psfonts/lucida/lbme.pfb>{/usr/share/texmf/dvips/8r.enc}</usr/loca
l/psfonts/lucida/lstb.pfb></usr/local/psfonts/lucida/lbms.pfb></usr/local/psfon
ts/lucida/lsto.pfb></usr/local/psfonts/lucida/lbmo.pfb></usr/local/psfonts/luci
da/lstr.pfb></usr/local/psfonts/lucida/lbd.pfb></usr/local/psfonts/lucida/lbi.p
fb></usr/local/psfonts/lucida/lbr.pfb>
Output written on manual.pdf (76 pages, 674313 bytes).
