\BOOKMARK [1][-]{titlepage.1}{Manual dos Comandos do Gretl}{}
\BOOKMARK [1][-]{license.1}{Licen\347a}{}
\BOOKMARK [1][-]{contents.1}{\315ndice}{}
\BOOKMARK [2][-]{section*.2}{add}{contents.1}
\BOOKMARK [2][-]{section*.3}{adf}{contents.1}
\BOOKMARK [2][-]{section*.4}{append}{contents.1}
\BOOKMARK [2][-]{section*.5}{ar}{contents.1}
\BOOKMARK [2][-]{section*.6}{arbond}{contents.1}
\BOOKMARK [2][-]{section*.7}{arch}{contents.1}
\BOOKMARK [2][-]{section*.8}{arima}{contents.1}
\BOOKMARK [2][-]{section*.9}{boxplot}{contents.1}
\BOOKMARK [2][-]{section*.10}{break}{contents.1}
\BOOKMARK [2][-]{section*.11}{chow}{contents.1}
\BOOKMARK [2][-]{section*.12}{coeffsum}{contents.1}
\BOOKMARK [2][-]{section*.13}{coint}{contents.1}
\BOOKMARK [2][-]{section*.14}{coint2}{contents.1}
\BOOKMARK [2][-]{section*.15}{corc}{contents.1}
\BOOKMARK [2][-]{section*.16}{corr}{contents.1}
\BOOKMARK [2][-]{section*.17}{corrgm}{contents.1}
\BOOKMARK [2][-]{section*.18}{criteria}{contents.1}
\BOOKMARK [2][-]{section*.19}{cusum}{contents.1}
\BOOKMARK [2][-]{section*.20}{data}{contents.1}
\BOOKMARK [2][-]{section*.21}{dataset}{contents.1}
\BOOKMARK [2][-]{section*.22}{delete}{contents.1}
\BOOKMARK [2][-]{section*.23}{diff}{contents.1}
\BOOKMARK [2][-]{section*.24}{difftest}{contents.1}
\BOOKMARK [2][-]{section*.25}{discrete}{contents.1}
\BOOKMARK [2][-]{section*.26}{dummify}{contents.1}
\BOOKMARK [2][-]{section*.27}{else}{contents.1}
\BOOKMARK [2][-]{section*.28}{end}{contents.1}
\BOOKMARK [2][-]{section*.29}{endif}{contents.1}
\BOOKMARK [2][-]{section*.30}{endloop}{contents.1}
\BOOKMARK [2][-]{section*.31}{eqnprint}{contents.1}
\BOOKMARK [2][-]{section*.32}{equation}{contents.1}
\BOOKMARK [2][-]{section*.33}{estimate}{contents.1}
\BOOKMARK [2][-]{section*.34}{fcast}{contents.1}
\BOOKMARK [2][-]{section*.35}{fcasterr}{contents.1}
\BOOKMARK [2][-]{section*.36}{fit}{contents.1}
\BOOKMARK [2][-]{section*.37}{freq}{contents.1}
\BOOKMARK [2][-]{section*.38}{function}{contents.1}
\BOOKMARK [2][-]{section*.39}{garch}{contents.1}
\BOOKMARK [2][-]{section*.40}{genr}{contents.1}
\BOOKMARK [2][-]{section*.41}{gmm}{contents.1}
\BOOKMARK [2][-]{section*.42}{gnuplot}{contents.1}
\BOOKMARK [2][-]{section*.43}{graph}{contents.1}
\BOOKMARK [2][-]{section*.44}{hausman}{contents.1}
\BOOKMARK [2][-]{section*.45}{hccm}{contents.1}
\BOOKMARK [2][-]{section*.46}{heckit}{contents.1}
\BOOKMARK [2][-]{section*.47}{help}{contents.1}
\BOOKMARK [2][-]{section*.48}{hilu}{contents.1}
\BOOKMARK [2][-]{section*.49}{hsk}{contents.1}
\BOOKMARK [2][-]{section*.50}{hurst}{contents.1}
\BOOKMARK [2][-]{section*.51}{if}{contents.1}
\BOOKMARK [2][-]{section*.52}{include}{contents.1}
\BOOKMARK [2][-]{section*.53}{info}{contents.1}
\BOOKMARK [2][-]{section*.54}{kpss}{contents.1}
\BOOKMARK [2][-]{section*.55}{labels}{contents.1}
\BOOKMARK [2][-]{section*.56}{lad}{contents.1}
\BOOKMARK [2][-]{section*.57}{lags}{contents.1}
\BOOKMARK [2][-]{section*.58}{ldiff}{contents.1}
\BOOKMARK [2][-]{section*.59}{leverage}{contents.1}
\BOOKMARK [2][-]{section*.60}{lmtest}{contents.1}
\BOOKMARK [2][-]{section*.61}{logistic}{contents.1}
\BOOKMARK [2][-]{section*.62}{logit}{contents.1}
\BOOKMARK [2][-]{section*.63}{logs}{contents.1}
\BOOKMARK [2][-]{section*.64}{loop}{contents.1}
\BOOKMARK [2][-]{section*.65}{mahal}{contents.1}
\BOOKMARK [2][-]{section*.66}{meantest}{contents.1}
\BOOKMARK [2][-]{section*.67}{mle}{contents.1}
\BOOKMARK [2][-]{section*.68}{modeltab}{contents.1}
\BOOKMARK [2][-]{section*.69}{mpols}{contents.1}
\BOOKMARK [2][-]{section*.70}{multiply}{contents.1}
\BOOKMARK [2][-]{section*.71}{nls}{contents.1}
\BOOKMARK [2][-]{section*.72}{nulldata}{contents.1}
\BOOKMARK [2][-]{section*.73}{ols}{contents.1}
\BOOKMARK [2][-]{section*.74}{omit}{contents.1}
\BOOKMARK [2][-]{section*.75}{open}{contents.1}
\BOOKMARK [2][-]{section*.76}{outfile}{contents.1}
\BOOKMARK [2][-]{section*.77}{panel}{contents.1}
\BOOKMARK [2][-]{section*.78}{pca}{contents.1}
\BOOKMARK [2][-]{section*.79}{pergm}{contents.1}
\BOOKMARK [2][-]{section*.80}{poisson}{contents.1}
\BOOKMARK [2][-]{section*.81}{plot}{contents.1}
\BOOKMARK [2][-]{section*.82}{print}{contents.1}
\BOOKMARK [2][-]{section*.83}{printf}{contents.1}
\BOOKMARK [2][-]{section*.84}{probit}{contents.1}
\BOOKMARK [2][-]{section*.85}{pvalue}{contents.1}
\BOOKMARK [2][-]{section*.86}{pwe}{contents.1}
\BOOKMARK [2][-]{section*.87}{qlrtest}{contents.1}
\BOOKMARK [2][-]{section*.88}{quit}{contents.1}
\BOOKMARK [2][-]{section*.89}{rename}{contents.1}
\BOOKMARK [2][-]{section*.90}{reset}{contents.1}
\BOOKMARK [2][-]{section*.91}{restrict}{contents.1}
\BOOKMARK [2][-]{section*.92}{rhodiff}{contents.1}
\BOOKMARK [2][-]{section*.93}{rmplot}{contents.1}
\BOOKMARK [2][-]{section*.94}{run}{contents.1}
\BOOKMARK [2][-]{section*.95}{runs}{contents.1}
\BOOKMARK [2][-]{section*.96}{scatters}{contents.1}
\BOOKMARK [2][-]{section*.97}{sdiff}{contents.1}
\BOOKMARK [2][-]{section*.98}{set}{contents.1}
\BOOKMARK [2][-]{section*.99}{setinfo}{contents.1}
\BOOKMARK [2][-]{section*.100}{setobs}{contents.1}
\BOOKMARK [2][-]{section*.101}{setmiss}{contents.1}
\BOOKMARK [2][-]{section*.102}{shell}{contents.1}
\BOOKMARK [2][-]{section*.103}{smpl}{contents.1}
\BOOKMARK [2][-]{section*.104}{spearman}{contents.1}
\BOOKMARK [2][-]{section*.105}{sprintf}{contents.1}
\BOOKMARK [2][-]{section*.106}{square}{contents.1}
\BOOKMARK [2][-]{section*.107}{store}{contents.1}
\BOOKMARK [2][-]{section*.108}{string}{contents.1}
\BOOKMARK [2][-]{section*.109}{summary}{contents.1}
\BOOKMARK [2][-]{section*.110}{system}{contents.1}
\BOOKMARK [2][-]{section*.111}{tabprint}{contents.1}
\BOOKMARK [2][-]{section*.112}{testuhat}{contents.1}
\BOOKMARK [2][-]{section*.113}{tobit}{contents.1}
\BOOKMARK [2][-]{section*.114}{tsls}{contents.1}
\BOOKMARK [2][-]{section*.115}{var}{contents.1}
\BOOKMARK [2][-]{section*.116}{varlist}{contents.1}
\BOOKMARK [2][-]{section*.117}{vartest}{contents.1}
\BOOKMARK [2][-]{section*.118}{vecm}{contents.1}
\BOOKMARK [2][-]{section*.119}{vif}{contents.1}
\BOOKMARK [2][-]{section*.120}{wls}{contents.1}
\BOOKMARK [2][-]{section*.121}{xcorrgm}{contents.1}
\BOOKMARK [2][-]{section*.122}{xtab}{contents.1}
\BOOKMARK [0][-]{chapter.1}{Reserved Words}{}
